[17:28:37:677] [INFO] - org.springframework.boot.StartupInfoLogger.logStarting(StartupInfoLogger.java:55) - Starting MySpringbootApplication on localhost with PID 78152 (/Users/tyler/Desktop/Spring-learning/my-springboot/target/classes started by tyler in /Users/tyler/Desktop/Spring-learning/my-springboot)
[17:28:37:700] [INFO] - org.springframework.boot.SpringApplication.logStartupProfileInfo(SpringApplication.java:651) - No active profile set, falling back to default profiles: default
[17:28:39:265] [WARN] - org.springframework.context.support.AbstractApplicationContext.refresh(AbstractApplicationContext.java:558) - Exception encountered during context initialization - cancelling refresh attempt: org.springframework.beans.factory.parsing.BeanDefinitionParsingException: Configuration problem: Failed to register bean definition with name 'druidStatFilter'
Offending resource: class path resource [spring-mvc.xml]; nested exception is org.springframework.beans.factory.support.BeanDefinitionOverrideException: Invalid bean definition with name 'druidStatFilter' defined in class path resource [spring-mvc.xml]: Cannot register bean definition [Generic bean: class [org.springframework.boot.web.servlet.ServletRegistrationBean]; scope=; abstract=false; lazyInit=false; autowireMode=0; dependencyCheck=0; autowireCandidate=true; primary=false; factoryBeanName=null; factoryMethodName=null; initMethodName=null; destroyMethodName=null; defined in class path resource [spring-mvc.xml]] for bean 'druidStatFilter': There is already [Root bean: class [null]; scope=; abstract=false; lazyInit=null; autowireMode=3; dependencyCheck=0; autowireCandidate=true; primary=false; factoryBeanName=druidConfiguration; factoryMethodName=druidStatFilter; initMethodName=null; destroyMethodName=(inferred); defined in class path resource [com/example/demo/filter/DruidConfiguration.class]] bound.
[17:28:39:348] [ERROR] - org.springframework.boot.diagnostics.LoggingFailureAnalysisReporter.report(LoggingFailureAnalysisReporter.java:40) - 

***************************
APPLICATION FAILED TO START
***************************

Description:

The bean 'druidStatFilter', defined in class path resource [spring-mvc.xml], could not be registered. A bean with that name has already been defined in class path resource [com/example/demo/filter/DruidConfiguration.class] and overriding is disabled.

Action:

Consider renaming one of the beans or enabling overriding by setting spring.main.allow-bean-definition-overriding=true

[17:29:37:434] [INFO] - org.springframework.boot.StartupInfoLogger.logStarting(StartupInfoLogger.java:55) - Starting MySpringbootApplication on localhost with PID 78178 (/Users/tyler/Desktop/Spring-learning/my-springboot/target/classes started by tyler in /Users/tyler/Desktop/Spring-learning/my-springboot)
[17:29:37:443] [INFO] - org.springframework.boot.SpringApplication.logStartupProfileInfo(SpringApplication.java:651) - No active profile set, falling back to default profiles: default
[17:29:38:523] [WARN] - org.springframework.context.support.AbstractApplicationContext.refresh(AbstractApplicationContext.java:558) - Exception encountered during context initialization - cancelling refresh attempt: org.springframework.beans.factory.parsing.BeanDefinitionParsingException: Configuration problem: Failed to register bean definition with name 'druidStatFilter'
Offending resource: class path resource [spring-mvc.xml]; nested exception is org.springframework.beans.factory.support.BeanDefinitionOverrideException: Invalid bean definition with name 'druidStatFilter' defined in class path resource [spring-mvc.xml]: Cannot register bean definition [Generic bean: class [org.springframework.boot.web.servlet.ServletRegistrationBean]; scope=; abstract=false; lazyInit=false; autowireMode=0; dependencyCheck=0; autowireCandidate=true; primary=false; factoryBeanName=null; factoryMethodName=null; initMethodName=null; destroyMethodName=null; defined in class path resource [spring-mvc.xml]] for bean 'druidStatFilter': There is already [Root bean: class [null]; scope=; abstract=false; lazyInit=null; autowireMode=3; dependencyCheck=0; autowireCandidate=true; primary=false; factoryBeanName=druidConfiguration; factoryMethodName=druidStatFilter; initMethodName=null; destroyMethodName=(inferred); defined in class path resource [com/example/demo/filter/DruidConfiguration.class]] bound.
[17:29:38:558] [ERROR] - org.springframework.boot.diagnostics.LoggingFailureAnalysisReporter.report(LoggingFailureAnalysisReporter.java:40) - 

***************************
APPLICATION FAILED TO START
***************************

Description:

The bean 'druidStatFilter', defined in class path resource [spring-mvc.xml], could not be registered. A bean with that name has already been defined in class path resource [com/example/demo/filter/DruidConfiguration.class] and overriding is disabled.

Action:

Consider renaming one of the beans or enabling overriding by setting spring.main.allow-bean-definition-overriding=true

[18:30:09:590] [INFO] - org.springframework.boot.StartupInfoLogger.logStarting(StartupInfoLogger.java:55) - Starting MySpringbootApplication on localhost with PID 78519 (/Users/tyler/Desktop/Spring-learning/my-springboot/target/classes started by tyler in /Users/tyler/Desktop/Spring-learning/my-springboot)
[18:30:09:600] [INFO] - org.springframework.boot.SpringApplication.logStartupProfileInfo(SpringApplication.java:651) - No active profile set, falling back to default profiles: default
[18:30:11:191] [WARN] - org.springframework.context.support.AbstractApplicationContext.refresh(AbstractApplicationContext.java:558) - Exception encountered during context initialization - cancelling refresh attempt: org.springframework.beans.factory.parsing.BeanDefinitionParsingException: Configuration problem: Failed to register bean definition with name 'druidStatFilter'
Offending resource: class path resource [spring-mvc.xml]; nested exception is org.springframework.beans.factory.support.BeanDefinitionOverrideException: Invalid bean definition with name 'druidStatFilter' defined in class path resource [spring-mvc.xml]: Cannot register bean definition [Generic bean: class [org.springframework.boot.web.servlet.ServletRegistrationBean]; scope=; abstract=false; lazyInit=false; autowireMode=0; dependencyCheck=0; autowireCandidate=true; primary=false; factoryBeanName=null; factoryMethodName=null; initMethodName=null; destroyMethodName=null; defined in class path resource [spring-mvc.xml]] for bean 'druidStatFilter': There is already [Root bean: class [null]; scope=; abstract=false; lazyInit=null; autowireMode=3; dependencyCheck=0; autowireCandidate=true; primary=false; factoryBeanName=druidConfiguration; factoryMethodName=druidStatFilter; initMethodName=null; destroyMethodName=(inferred); defined in class path resource [com/example/demo/filter/DruidConfiguration.class]] bound.
[18:30:11:242] [ERROR] - org.springframework.boot.diagnostics.LoggingFailureAnalysisReporter.report(LoggingFailureAnalysisReporter.java:40) - 

***************************
APPLICATION FAILED TO START
***************************

Description:

The bean 'druidStatFilter', defined in class path resource [spring-mvc.xml], could not be registered. A bean with that name has already been defined in class path resource [com/example/demo/filter/DruidConfiguration.class] and overriding is disabled.

Action:

Consider renaming one of the beans or enabling overriding by setting spring.main.allow-bean-definition-overriding=true

[18:38:15:342] [INFO] - org.springframework.boot.StartupInfoLogger.logStarting(StartupInfoLogger.java:55) - Starting MySpringbootApplication on localhost with PID 78677 (/Users/tyler/Desktop/Spring-learning/my-springboot/target/classes started by tyler in /Users/tyler/Desktop/Spring-learning/my-springboot)
[18:38:15:366] [INFO] - org.springframework.boot.SpringApplication.logStartupProfileInfo(SpringApplication.java:651) - No active profile set, falling back to default profiles: default
[18:38:17:292] [WARN] - org.springframework.context.support.AbstractApplicationContext.refresh(AbstractApplicationContext.java:558) - Exception encountered during context initialization - cancelling refresh attempt: org.springframework.beans.factory.parsing.BeanDefinitionParsingException: Configuration problem: Failed to register bean definition with name 'druidStatFilter'
Offending resource: class path resource [spring-mvc.xml]; nested exception is org.springframework.beans.factory.support.BeanDefinitionOverrideException: Invalid bean definition with name 'druidStatFilter' defined in class path resource [spring-mvc.xml]: Cannot register bean definition [Generic bean: class [org.springframework.boot.web.servlet.ServletRegistrationBean]; scope=; abstract=false; lazyInit=false; autowireMode=0; dependencyCheck=0; autowireCandidate=true; primary=false; factoryBeanName=null; factoryMethodName=null; initMethodName=null; destroyMethodName=null; defined in class path resource [spring-mvc.xml]] for bean 'druidStatFilter': There is already [Root bean: class [null]; scope=; abstract=false; lazyInit=null; autowireMode=3; dependencyCheck=0; autowireCandidate=true; primary=false; factoryBeanName=druidConfiguration; factoryMethodName=druidStatFilter; initMethodName=null; destroyMethodName=(inferred); defined in class path resource [com/example/demo/filter/DruidConfiguration.class]] bound.
[18:38:17:345] [ERROR] - org.springframework.boot.diagnostics.LoggingFailureAnalysisReporter.report(LoggingFailureAnalysisReporter.java:40) - 

***************************
APPLICATION FAILED TO START
***************************

Description:

The bean 'druidStatFilter', defined in class path resource [spring-mvc.xml], could not be registered. A bean with that name has already been defined in class path resource [com/example/demo/filter/DruidConfiguration.class] and overriding is disabled.

Action:

Consider renaming one of the beans or enabling overriding by setting spring.main.allow-bean-definition-overriding=true

[18:39:32:497] [INFO] - org.springframework.boot.StartupInfoLogger.logStarting(StartupInfoLogger.java:55) - Starting MySpringbootApplication on localhost with PID 78701 (/Users/tyler/Desktop/Spring-learning/my-springboot/target/classes started by tyler in /Users/tyler/Desktop/Spring-learning/my-springboot)
[18:39:32:509] [INFO] - org.springframework.boot.SpringApplication.logStartupProfileInfo(SpringApplication.java:651) - No active profile set, falling back to default profiles: default
[18:39:33:793] [WARN] - org.springframework.context.support.AbstractApplicationContext.refresh(AbstractApplicationContext.java:558) - Exception encountered during context initialization - cancelling refresh attempt: org.springframework.beans.factory.xml.XmlBeanDefinitionStoreException: Line 24 in XML document from class path resource [spring-mvc.xml] is invalid; nested exception is org.xml.sax.SAXParseException; lineNumber: 24; columnNumber: 7; 元素类型 "beans" 必须由匹配的结束标记 "</beans>" 终止。
[18:39:33:830] [ERROR] - org.springframework.boot.SpringApplication.reportFailure(SpringApplication.java:826) - Application run failed
org.springframework.beans.factory.xml.XmlBeanDefinitionStoreException: Line 24 in XML document from class path resource [spring-mvc.xml] is invalid; nested exception is org.xml.sax.SAXParseException; lineNumber: 24; columnNumber: 7; 元素类型 "beans" 必须由匹配的结束标记 "</beans>" 终止。
	at org.springframework.beans.factory.xml.XmlBeanDefinitionReader.doLoadBeanDefinitions(XmlBeanDefinitionReader.java:405) ~[spring-beans-5.2.3.RELEASE.jar:5.2.3.RELEASE]
	at org.springframework.beans.factory.xml.XmlBeanDefinitionReader.loadBeanDefinitions(XmlBeanDefinitionReader.java:337) ~[spring-beans-5.2.3.RELEASE.jar:5.2.3.RELEASE]
	at org.springframework.beans.factory.xml.XmlBeanDefinitionReader.loadBeanDefinitions(XmlBeanDefinitionReader.java:305) ~[spring-beans-5.2.3.RELEASE.jar:5.2.3.RELEASE]
	at org.springframework.beans.factory.support.AbstractBeanDefinitionReader.loadBeanDefinitions(AbstractBeanDefinitionReader.java:188) ~[spring-beans-5.2.3.RELEASE.jar:5.2.3.RELEASE]
	at org.springframework.beans.factory.support.AbstractBeanDefinitionReader.loadBeanDefinitions(AbstractBeanDefinitionReader.java:224) ~[spring-beans-5.2.3.RELEASE.jar:5.2.3.RELEASE]
	at org.springframework.beans.factory.support.AbstractBeanDefinitionReader.loadBeanDefinitions(AbstractBeanDefinitionReader.java:195) ~[spring-beans-5.2.3.RELEASE.jar:5.2.3.RELEASE]
	at org.springframework.context.annotation.ConfigurationClassBeanDefinitionReader.lambda$loadBeanDefinitionsFromImportedResources$0(ConfigurationClassBeanDefinitionReader.java:379) ~[spring-context-5.2.3.RELEASE.jar:5.2.3.RELEASE]
	at java.util.LinkedHashMap.forEach(LinkedHashMap.java:684) ~[?:?]
	at org.springframework.context.annotation.ConfigurationClassBeanDefinitionReader.loadBeanDefinitionsFromImportedResources(ConfigurationClassBeanDefinitionReader.java:346) ~[spring-context-5.2.3.RELEASE.jar:5.2.3.RELEASE]
	at org.springframework.context.annotation.ConfigurationClassBeanDefinitionReader.loadBeanDefinitionsForConfigurationClass(ConfigurationClassBeanDefinitionReader.java:147) ~[spring-context-5.2.3.RELEASE.jar:5.2.3.RELEASE]
	at org.springframework.context.annotation.ConfigurationClassBeanDefinitionReader.loadBeanDefinitions(ConfigurationClassBeanDefinitionReader.java:120) ~[spring-context-5.2.3.RELEASE.jar:5.2.3.RELEASE]
	at org.springframework.context.annotation.ConfigurationClassPostProcessor.processConfigBeanDefinitions(ConfigurationClassPostProcessor.java:331) ~[spring-context-5.2.3.RELEASE.jar:5.2.3.RELEASE]
	at org.springframework.context.annotation.ConfigurationClassPostProcessor.postProcessBeanDefinitionRegistry(ConfigurationClassPostProcessor.java:236) ~[spring-context-5.2.3.RELEASE.jar:5.2.3.RELEASE]
	at org.springframework.context.support.PostProcessorRegistrationDelegate.invokeBeanDefinitionRegistryPostProcessors(PostProcessorRegistrationDelegate.java:275) ~[spring-context-5.2.3.RELEASE.jar:5.2.3.RELEASE]
	at org.springframework.context.support.PostProcessorRegistrationDelegate.invokeBeanFactoryPostProcessors(PostProcessorRegistrationDelegate.java:95) ~[spring-context-5.2.3.RELEASE.jar:5.2.3.RELEASE]
	at org.springframework.context.support.AbstractApplicationContext.invokeBeanFactoryPostProcessors(AbstractApplicationContext.java:706) ~[spring-context-5.2.3.RELEASE.jar:5.2.3.RELEASE]
	at org.springframework.context.support.AbstractApplicationContext.refresh(AbstractApplicationContext.java:532) ~[spring-context-5.2.3.RELEASE.jar:5.2.3.RELEASE]
	at org.springframework.boot.web.servlet.context.ServletWebServerApplicationContext.refresh(ServletWebServerApplicationContext.java:141) ~[spring-boot-2.2.4.RELEASE.jar:2.2.4.RELEASE]
	at org.springframework.boot.SpringApplication.refresh(SpringApplication.java:747) [spring-boot-2.2.4.RELEASE.jar:2.2.4.RELEASE]
	at org.springframework.boot.SpringApplication.refreshContext(SpringApplication.java:397) [spring-boot-2.2.4.RELEASE.jar:2.2.4.RELEASE]
	at org.springframework.boot.SpringApplication.run(SpringApplication.java:315) [spring-boot-2.2.4.RELEASE.jar:2.2.4.RELEASE]
	at org.springframework.boot.SpringApplication.run(SpringApplication.java:1226) [spring-boot-2.2.4.RELEASE.jar:2.2.4.RELEASE]
	at org.springframework.boot.SpringApplication.run(SpringApplication.java:1215) [spring-boot-2.2.4.RELEASE.jar:2.2.4.RELEASE]
	at com.example.demo.MySpringbootApplication.main(MySpringbootApplication.java:15) [classes/:?]
Caused by: org.xml.sax.SAXParseException: 元素类型 "beans" 必须由匹配的结束标记 "</beans>" 终止。
	at com.sun.org.apache.xerces.internal.util.ErrorHandlerWrapper.createSAXParseException(ErrorHandlerWrapper.java:204) ~[?:?]
	at com.sun.org.apache.xerces.internal.util.ErrorHandlerWrapper.fatalError(ErrorHandlerWrapper.java:178) ~[?:?]
	at com.sun.org.apache.xerces.internal.impl.XMLErrorReporter.reportError(XMLErrorReporter.java:400) ~[?:?]
	at com.sun.org.apache.xerces.internal.impl.XMLErrorReporter.reportError(XMLErrorReporter.java:327) ~[?:?]
	at com.sun.org.apache.xerces.internal.impl.XMLScanner.reportFatalError(XMLScanner.java:1471) ~[?:?]
	at com.sun.org.apache.xerces.internal.impl.XMLDocumentFragmentScannerImpl.scanEndElement(XMLDocumentFragmentScannerImpl.java:1685) ~[?:?]
	at com.sun.org.apache.xerces.internal.impl.XMLDocumentFragmentScannerImpl$FragmentContentDriver.next(XMLDocumentFragmentScannerImpl.java:2883) ~[?:?]
	at com.sun.org.apache.xerces.internal.impl.XMLDocumentScannerImpl.next(XMLDocumentScannerImpl.java:605) ~[?:?]
	at com.sun.org.apache.xerces.internal.impl.XMLNSDocumentScannerImpl.next(XMLNSDocumentScannerImpl.java:112) ~[?:?]
	at com.sun.org.apache.xerces.internal.impl.XMLDocumentFragmentScannerImpl.scanDocument(XMLDocumentFragmentScannerImpl.java:534) ~[?:?]
	at com.sun.org.apache.xerces.internal.parsers.XML11Configuration.parse(XML11Configuration.java:888) ~[?:?]
	at com.sun.org.apache.xerces.internal.parsers.XML11Configuration.parse(XML11Configuration.java:824) ~[?:?]
	at com.sun.org.apache.xerces.internal.parsers.XMLParser.parse(XMLParser.java:141) ~[?:?]
	at com.sun.org.apache.xerces.internal.parsers.DOMParser.parse(DOMParser.java:246) ~[?:?]
	at com.sun.org.apache.xerces.internal.jaxp.DocumentBuilderImpl.parse(DocumentBuilderImpl.java:339) ~[?:?]
	at org.springframework.beans.factory.xml.DefaultDocumentLoader.loadDocument(DefaultDocumentLoader.java:77) ~[spring-beans-5.2.3.RELEASE.jar:5.2.3.RELEASE]
	at org.springframework.beans.factory.xml.XmlBeanDefinitionReader.doLoadDocument(XmlBeanDefinitionReader.java:435) ~[spring-beans-5.2.3.RELEASE.jar:5.2.3.RELEASE]
	at org.springframework.beans.factory.xml.XmlBeanDefinitionReader.doLoadBeanDefinitions(XmlBeanDefinitionReader.java:393) ~[spring-beans-5.2.3.RELEASE.jar:5.2.3.RELEASE]
	... 23 more
[18:42:01:184] [INFO] - org.springframework.boot.StartupInfoLogger.logStarting(StartupInfoLogger.java:55) - Starting MySpringbootApplication on localhost with PID 78737 (/Users/tyler/Desktop/Spring-learning/my-springboot/target/classes started by tyler in /Users/tyler/Desktop/Spring-learning/my-springboot)
[18:42:01:192] [INFO] - org.springframework.boot.SpringApplication.logStartupProfileInfo(SpringApplication.java:651) - No active profile set, falling back to default profiles: default
[18:42:03:074] [INFO] - org.springframework.data.repository.config.RepositoryConfigurationDelegate.multipleStoresDetected(RepositoryConfigurationDelegate.java:249) - Multiple Spring Data modules found, entering strict repository configuration mode!
[18:42:03:079] [INFO] - org.springframework.data.repository.config.RepositoryConfigurationDelegate.registerRepositoriesIn(RepositoryConfigurationDelegate.java:127) - Bootstrapping Spring Data JPA repositories in DEFAULT mode.
[18:42:03:397] [INFO] - org.springframework.data.repository.config.RepositoryConfigurationDelegate.registerRepositoriesIn(RepositoryConfigurationDelegate.java:187) - Finished Spring Data repository scanning in 300ms. Found 1 JPA repository interfaces.
[18:42:03:429] [INFO] - org.springframework.data.repository.config.RepositoryConfigurationDelegate.multipleStoresDetected(RepositoryConfigurationDelegate.java:249) - Multiple Spring Data modules found, entering strict repository configuration mode!
[18:42:03:431] [INFO] - org.springframework.data.repository.config.RepositoryConfigurationDelegate.registerRepositoriesIn(RepositoryConfigurationDelegate.java:127) - Bootstrapping Spring Data Redis repositories in DEFAULT mode.
[18:42:03:455] [INFO] - org.springframework.data.repository.config.RepositoryConfigurationExtensionSupport.isStrictRepositoryCandidate(RepositoryConfigurationExtensionSupport.java:348) - Spring Data Redis - Could not safely identify store assignment for repository candidate interface com.example.demo.repository.UserRepository. If you want this repository to be a Redis repository, consider annotating your entities with one of these annotations: org.springframework.data.redis.core.RedisHash (preferred), or consider extending one of the following types with your repository: org.springframework.data.keyvalue.repository.KeyValueRepository.
[18:42:03:455] [INFO] - org.springframework.data.repository.config.RepositoryConfigurationDelegate.registerRepositoriesIn(RepositoryConfigurationDelegate.java:187) - Finished Spring Data repository scanning in 10ms. Found 0 Redis repository interfaces.
[18:42:04:046] [INFO] - org.springframework.context.support.PostProcessorRegistrationDelegate$BeanPostProcessorChecker.postProcessAfterInitialization(PostProcessorRegistrationDelegate.java:330) - Bean 'org.springframework.transaction.annotation.ProxyTransactionManagementConfiguration' of type [org.springframework.transaction.annotation.ProxyTransactionManagementConfiguration] is not eligible for getting processed by all BeanPostProcessors (for example: not eligible for auto-proxying)
[18:42:04:497] [INFO] - org.springframework.boot.web.embedded.tomcat.TomcatWebServer.initialize(TomcatWebServer.java:92) - Tomcat initialized with port(s): 8060 (http)
[18:42:04:511] [INFO] - org.apache.juli.logging.DirectJDKLog.log(DirectJDKLog.java:173) - Initializing ProtocolHandler ["http-nio-8060"]
[18:42:04:512] [INFO] - org.apache.juli.logging.DirectJDKLog.log(DirectJDKLog.java:173) - Starting service [Tomcat]
[18:42:04:513] [INFO] - org.apache.juli.logging.DirectJDKLog.log(DirectJDKLog.java:173) - Starting Servlet engine: [Apache Tomcat/9.0.30]
[18:42:04:652] [INFO] - org.apache.juli.logging.DirectJDKLog.log(DirectJDKLog.java:173) - Initializing Spring embedded WebApplicationContext
[18:42:04:653] [INFO] - org.springframework.boot.web.servlet.context.ServletWebServerApplicationContext.prepareWebApplicationContext(ServletWebServerApplicationContext.java:284) - Root WebApplicationContext: initialization completed in 3275 ms
[18:42:05:333] [INFO] - com.alibaba.druid.spring.boot.autoconfigure.DruidDataSourceAutoConfigure.dataSource(DruidDataSourceAutoConfigure.java:56) - Init DruidDataSource
[18:42:05:536] [INFO] - com.alibaba.druid.pool.DruidDataSource.init(DruidDataSource.java:1010) - {dataSource-1} inited
[18:42:06:411] [INFO] - org.hibernate.Version.logVersion(Version.java:46) - HHH000412: Hibernate Core {5.4.10.Final}
[18:42:06:667] [INFO] - org.hibernate.annotations.common.reflection.java.JavaReflectionManager.<clinit>(JavaReflectionManager.java:49) - HCANN000001: Hibernate Commons Annotations {5.1.0.Final}
[18:42:06:922] [INFO] - org.hibernate.dialect.Dialect.<init>(Dialect.java:172) - HHH000400: Using dialect: org.hibernate.dialect.MySQL8Dialect
[18:42:07:849] [INFO] - org.hibernate.engine.transaction.jta.platform.internal.JtaPlatformInitiator.initiateService(JtaPlatformInitiator.java:52) - HHH000490: Using JtaPlatform implementation: [org.hibernate.engine.transaction.jta.platform.internal.NoJtaPlatform]
[18:42:07:871] [INFO] - org.springframework.orm.jpa.AbstractEntityManagerFactoryBean.buildNativeEntityManagerFactory(AbstractEntityManagerFactoryBean.java:416) - Initialized JPA EntityManagerFactory for persistence unit 'default'
[18:42:08:851] [INFO] - io.lettuce.core.EpollProvider.<clinit>(EpollProvider.java:68) - Starting without optional epoll library
[18:42:08:855] [INFO] - io.lettuce.core.KqueueProvider.<clinit>(KqueueProvider.java:70) - Starting without optional kqueue library
[18:42:09:118] [INFO] - com.example.demo.listener.UserListener.contextInitialized(UserListener.java:49) - ServletContext 上下文初始化
[18:42:09:118] [INFO] - com.example.demo.listener.UserListener.contextInitialized(UserListener.java:50) - 缓存中目前的用户数有：3 人
[18:42:09:219] [INFO] - org.quartz.impl.StdSchedulerFactory.instantiate(StdSchedulerFactory.java:1172) - Using default implementation for ThreadExecutor
[18:42:09:238] [INFO] - org.quartz.core.SchedulerSignalerImpl.<init>(SchedulerSignalerImpl.java:61) - Initialized Scheduler Signaller of type: class org.quartz.core.SchedulerSignalerImpl
[18:42:09:238] [INFO] - org.quartz.core.QuartzScheduler.<init>(QuartzScheduler.java:240) - Quartz Scheduler v.2.2.3 created.
[18:42:09:239] [INFO] - org.quartz.simpl.RAMJobStore.initialize(RAMJobStore.java:155) - RAMJobStore initialized.
[18:42:09:241] [INFO] - org.quartz.core.QuartzScheduler.initialize(QuartzScheduler.java:305) - Scheduler meta-data: Quartz Scheduler (v2.2.3) 'scheduler' with instanceId 'NON_CLUSTERED'
  Scheduler class: 'org.quartz.core.QuartzScheduler' - running locally.
  NOT STARTED.
  Currently in standby mode.
  Number of jobs executed: 0
  Using thread pool 'org.quartz.simpl.SimpleThreadPool' - with 10 threads.
  Using job-store 'org.quartz.simpl.RAMJobStore' - which does not support persistence. and is not clustered.

[18:42:09:241] [INFO] - org.quartz.impl.StdSchedulerFactory.instantiate(StdSchedulerFactory.java:1327) - Quartz scheduler 'scheduler' initialized from an externally provided properties instance.
[18:42:09:241] [INFO] - org.quartz.impl.StdSchedulerFactory.instantiate(StdSchedulerFactory.java:1331) - Quartz scheduler version: 2.2.3
[18:42:09:243] [INFO] - org.quartz.core.QuartzScheduler.setJobFactory(QuartzScheduler.java:2311) - JobFactory set to: org.springframework.scheduling.quartz.AdaptableJobFactory@22fe90df
[18:42:09:339] [WARN] - org.springframework.boot.autoconfigure.orm.jpa.JpaBaseConfiguration$JpaWebConfiguration.openEntityManagerInViewInterceptor(JpaBaseConfiguration.java:220) - spring.jpa.open-in-view is enabled by default. Therefore, database queries may be performed during view rendering. Explicitly configure spring.jpa.open-in-view to disable this warning
[18:42:09:516] [INFO] - org.springframework.scheduling.concurrent.ExecutorConfigurationSupport.initialize(ExecutorConfigurationSupport.java:171) - Initializing ExecutorService 'applicationTaskExecutor'
[18:42:09:759] [WARN] - org.thymeleaf.templatemode.TemplateMode.parse(TemplateMode.java:150) - [THYMELEAF][main] Template Mode 'HTML5' is deprecated. Using Template Mode 'HTML' instead.
[18:42:10:042] [INFO] - org.springframework.scheduling.quartz.SchedulerFactoryBean.startScheduler(SchedulerFactoryBean.java:727) - Starting Quartz Scheduler now
[18:42:10:042] [INFO] - org.quartz.core.QuartzScheduler.start(QuartzScheduler.java:575) - Scheduler scheduler_$_NON_CLUSTERED started.
[18:42:10:053] [INFO] - com.example.demo.quartz.TestTask.run(TestTask.java:15) - 定时器运行了
[18:42:10:077] [INFO] - org.apache.juli.logging.DirectJDKLog.log(DirectJDKLog.java:173) - Starting ProtocolHandler ["http-nio-8060"]
[18:42:10:115] [INFO] - org.springframework.boot.web.embedded.tomcat.TomcatWebServer.start(TomcatWebServer.java:204) - Tomcat started on port(s): 8060 (http) with context path ''
[18:42:10:120] [INFO] - org.springframework.boot.StartupInfoLogger.logStarted(StartupInfoLogger.java:61) - Started MySpringbootApplication in 9.651 seconds (JVM running for 11.012)
[18:42:20:005] [INFO] - com.example.demo.quartz.TestTask.run(TestTask.java:15) - 定时器运行了
[18:42:30:006] [INFO] - com.example.demo.quartz.TestTask.run(TestTask.java:15) - 定时器运行了
[18:42:40:003] [INFO] - com.example.demo.quartz.TestTask.run(TestTask.java:15) - 定时器运行了
[18:42:50:006] [INFO] - com.example.demo.quartz.TestTask.run(TestTask.java:15) - 定时器运行了
[18:43:00:004] [INFO] - com.example.demo.quartz.TestTask.run(TestTask.java:15) - 定时器运行了
[18:43:10:002] [INFO] - com.example.demo.quartz.TestTask.run(TestTask.java:15) - 定时器运行了
[18:43:20:002] [INFO] - com.example.demo.quartz.TestTask.run(TestTask.java:15) - 定时器运行了
[18:43:30:006] [INFO] - com.example.demo.quartz.TestTask.run(TestTask.java:15) - 定时器运行了
[18:43:40:002] [INFO] - com.example.demo.quartz.TestTask.run(TestTask.java:15) - 定时器运行了
[18:43:50:006] [INFO] - com.example.demo.quartz.TestTask.run(TestTask.java:15) - 定时器运行了
[18:44:00:004] [INFO] - com.example.demo.quartz.TestTask.run(TestTask.java:15) - 定时器运行了
[18:44:05:410] [INFO] - org.quartz.core.QuartzScheduler.standby(QuartzScheduler.java:613) - Scheduler scheduler_$_NON_CLUSTERED paused.
[18:44:05:413] [INFO] - org.springframework.scheduling.concurrent.ExecutorConfigurationSupport.shutdown(ExecutorConfigurationSupport.java:208) - Shutting down ExecutorService 'applicationTaskExecutor'
[18:44:05:414] [INFO] - org.springframework.scheduling.quartz.SchedulerFactoryBean.destroy(SchedulerFactoryBean.java:845) - Shutting down Quartz Scheduler
[18:44:05:414] [INFO] - org.quartz.core.QuartzScheduler.shutdown(QuartzScheduler.java:694) - Scheduler scheduler_$_NON_CLUSTERED shutting down.
[18:44:05:415] [INFO] - org.quartz.core.QuartzScheduler.standby(QuartzScheduler.java:613) - Scheduler scheduler_$_NON_CLUSTERED paused.
[18:44:05:415] [INFO] - org.quartz.core.QuartzScheduler.shutdown(QuartzScheduler.java:771) - Scheduler scheduler_$_NON_CLUSTERED shutdown complete.
[18:44:05:416] [INFO] - org.springframework.orm.jpa.AbstractEntityManagerFactoryBean.destroy(AbstractEntityManagerFactoryBean.java:598) - Closing JPA EntityManagerFactory for persistence unit 'default'
[18:44:05:423] [INFO] - com.alibaba.druid.pool.DruidDataSource.close(DruidDataSource.java:2003) - {dataSource-1} closing ...
[18:44:05:431] [INFO] - com.alibaba.druid.pool.DruidDataSource.close(DruidDataSource.java:2075) - {dataSource-1} closed
[18:44:05:571] [INFO] - com.example.demo.listener.UserListener.contextDestroyed(UserListener.java:56) - ServletContext 上下文销毁
